ERROR - 2025-02-25 02:23:24 --> Error connecting to the database: ErrorException: pg_connect(): Unable to connect to PostgreSQL server: FATAL:  password authentication failed for user &quot;root&quot; in D:\assignment-sa-codeigniter\ci_project\system\Database\Postgre\Connection.php:78
Stack trace:
#0 [internal function]: CodeIgniter\Debug\Exceptions->errorHandler(2, 'pg_connect(): U...', 'D:\\assignment-s...', 78)
#1 D:\assignment-sa-codeigniter\ci_project\system\Database\Postgre\Connection.php(78): pg_connect('host=localhost ...')
#2 D:\assignment-sa-codeigniter\ci_project\system\Database\BaseConnection.php(421): CodeIgniter\Database\Postgre\Connection->connect(false)
#3 D:\assignment-sa-codeigniter\ci_project\app\Controllers\Home.php(12): CodeIgniter\Database\BaseConnection->initialize()
#4 D:\assignment-sa-codeigniter\ci_project\system\CodeIgniter.php(933): App\Controllers\Home->index()
#5 D:\assignment-sa-codeigniter\ci_project\system\CodeIgniter.php(507): CodeIgniter\CodeIgniter->runController(Object(App\Controllers\Home))
#6 D:\assignment-sa-codeigniter\ci_project\system\CodeIgniter.php(354): CodeIgniter\CodeIgniter->handleRequest(NULL, Object(Config\Cache), false)
#7 D:\assignment-sa-codeigniter\ci_project\system\Boot.php(334): CodeIgniter\CodeIgniter->run()
#8 D:\assignment-sa-codeigniter\ci_project\system\Boot.php(67): CodeIgniter\Boot::runCodeIgniter(Object(CodeIgniter\CodeIgniter))
#9 D:\assignment-sa-codeigniter\ci_project\public\index.php(56): CodeIgniter\Boot::bootWeb(Object(Config\Paths))
#10 D:\assignment-sa-codeigniter\ci_project\system\rewrite.php(44): require_once('D:\\assignment-s...')
#11 {main}
ERROR - 2025-02-25 02:35:44 --> Error connecting to the database: ErrorException: pg_connect(): Unable to connect to PostgreSQL server: fe_sendauth: no password supplied in D:\assignment-sa-codeigniter\ci_project\system\Database\Postgre\Connection.php:78
Stack trace:
#0 [internal function]: CodeIgniter\Debug\Exceptions->errorHandler(2, 'pg_connect(): U...', 'D:\\assignment-s...', 78)
#1 D:\assignment-sa-codeigniter\ci_project\system\Database\Postgre\Connection.php(78): pg_connect('host=localhost ...')
#2 D:\assignment-sa-codeigniter\ci_project\system\Database\BaseConnection.php(421): CodeIgniter\Database\Postgre\Connection->connect(false)
#3 D:\assignment-sa-codeigniter\ci_project\app\Controllers\Home.php(13): CodeIgniter\Database\BaseConnection->initialize()
#4 D:\assignment-sa-codeigniter\ci_project\system\CodeIgniter.php(933): App\Controllers\Home->index()
#5 D:\assignment-sa-codeigniter\ci_project\system\CodeIgniter.php(507): CodeIgniter\CodeIgniter->runController(Object(App\Controllers\Home))
#6 D:\assignment-sa-codeigniter\ci_project\system\CodeIgniter.php(354): CodeIgniter\CodeIgniter->handleRequest(NULL, Object(Config\Cache), false)
#7 D:\assignment-sa-codeigniter\ci_project\system\Boot.php(334): CodeIgniter\CodeIgniter->run()
#8 D:\assignment-sa-codeigniter\ci_project\system\Boot.php(67): CodeIgniter\Boot::runCodeIgniter(Object(CodeIgniter\CodeIgniter))
#9 D:\assignment-sa-codeigniter\ci_project\public\index.php(56): CodeIgniter\Boot::bootWeb(Object(Config\Paths))
#10 D:\assignment-sa-codeigniter\ci_project\system\rewrite.php(44): require_once('D:\\assignment-s...')
#11 {main}
ERROR - 2025-02-25 02:38:58 --> Error connecting to the database: ErrorException: pg_connect(): Unable to connect to PostgreSQL server: fe_sendauth: no password supplied in D:\assignment-sa-codeigniter\ci_project\system\Database\Postgre\Connection.php:78
Stack trace:
#0 [internal function]: CodeIgniter\Debug\Exceptions->errorHandler(2, 'pg_connect(): U...', 'D:\\assignment-s...', 78)
#1 D:\assignment-sa-codeigniter\ci_project\system\Database\Postgre\Connection.php(78): pg_connect('host=localhost ...')
#2 D:\assignment-sa-codeigniter\ci_project\system\Database\BaseConnection.php(421): CodeIgniter\Database\Postgre\Connection->connect(false)
#3 D:\assignment-sa-codeigniter\ci_project\app\Controllers\Home.php(13): CodeIgniter\Database\BaseConnection->initialize()
#4 D:\assignment-sa-codeigniter\ci_project\system\CodeIgniter.php(933): App\Controllers\Home->index()
#5 D:\assignment-sa-codeigniter\ci_project\system\CodeIgniter.php(507): CodeIgniter\CodeIgniter->runController(Object(App\Controllers\Home))
#6 D:\assignment-sa-codeigniter\ci_project\system\CodeIgniter.php(354): CodeIgniter\CodeIgniter->handleRequest(NULL, Object(Config\Cache), false)
#7 D:\assignment-sa-codeigniter\ci_project\system\Boot.php(334): CodeIgniter\CodeIgniter->run()
#8 D:\assignment-sa-codeigniter\ci_project\system\Boot.php(67): CodeIgniter\Boot::runCodeIgniter(Object(CodeIgniter\CodeIgniter))
#9 D:\assignment-sa-codeigniter\ci_project\public\index.php(56): CodeIgniter\Boot::bootWeb(Object(Config\Paths))
#10 D:\assignment-sa-codeigniter\ci_project\system\rewrite.php(44): require_once('D:\\assignment-s...')
#11 {main}
ERROR - 2025-02-25 03:05:52 --> ErrorException: pg_query(): Query failed: ERROR:  syntax error at or near &quot;AND&quot;
LINE 1: SELECT * FROM books WHERE bookid = ? AND title = ?
                                             ^ in D:\assignment-sa-codeigniter\ci_project\system\Database\Postgre\Connection.php:206
Stack trace:
#0 [internal function]: CodeIgniter\Debug\Exceptions->errorHandler(2, 'pg_query(): Que...', 'D:\\assignment-s...', 206)
#1 D:\assignment-sa-codeigniter\ci_project\system\Database\Postgre\Connection.php(206): pg_query(Object(PgSql\Connection), 'SELECT * FROM b...')
#2 D:\assignment-sa-codeigniter\ci_project\system\Database\BaseConnection.php(738): CodeIgniter\Database\Postgre\Connection->execute('SELECT * FROM b...')
#3 D:\assignment-sa-codeigniter\ci_project\system\Database\BaseConnection.php(652): CodeIgniter\Database\BaseConnection->simpleQuery('SELECT * FROM b...')
#4 D:\assignment-sa-codeigniter\ci_project\app\Controllers\Home.php(24): CodeIgniter\Database\BaseConnection->query('SELECT * FROM b...', 21)
#5 D:\assignment-sa-codeigniter\ci_project\system\CodeIgniter.php(933): App\Controllers\Home->index()
#6 D:\assignment-sa-codeigniter\ci_project\system\CodeIgniter.php(507): CodeIgniter\CodeIgniter->runController(Object(App\Controllers\Home))
#7 D:\assignment-sa-codeigniter\ci_project\system\CodeIgniter.php(354): CodeIgniter\CodeIgniter->handleRequest(NULL, Object(Config\Cache), false)
#8 D:\assignment-sa-codeigniter\ci_project\system\Boot.php(334): CodeIgniter\CodeIgniter->run()
#9 D:\assignment-sa-codeigniter\ci_project\system\Boot.php(67): CodeIgniter\Boot::runCodeIgniter(Object(CodeIgniter\CodeIgniter))
#10 D:\assignment-sa-codeigniter\ci_project\public\index.php(56): CodeIgniter\Boot::bootWeb(Object(Config\Paths))
#11 D:\assignment-sa-codeigniter\ci_project\system\rewrite.php(44): require_once('D:\\assignment-s...')
#12 {main}
ERROR - 2025-02-25 03:06:49 --> ErrorException: pg_query(): Query failed: ERROR:  syntax error at or near &quot;AND&quot;
LINE 1: SELECT * FROM books WHERE bookid = ? AND title = ?
                                             ^ in D:\assignment-sa-codeigniter\ci_project\system\Database\Postgre\Connection.php:206
Stack trace:
#0 [internal function]: CodeIgniter\Debug\Exceptions->errorHandler(2, 'pg_query(): Que...', 'D:\\assignment-s...', 206)
#1 D:\assignment-sa-codeigniter\ci_project\system\Database\Postgre\Connection.php(206): pg_query(Object(PgSql\Connection), 'SELECT * FROM b...')
#2 D:\assignment-sa-codeigniter\ci_project\system\Database\BaseConnection.php(738): CodeIgniter\Database\Postgre\Connection->execute('SELECT * FROM b...')
#3 D:\assignment-sa-codeigniter\ci_project\system\Database\BaseConnection.php(652): CodeIgniter\Database\BaseConnection->simpleQuery('SELECT * FROM b...')
#4 D:\assignment-sa-codeigniter\ci_project\app\Controllers\Home.php(24): CodeIgniter\Database\BaseConnection->query('SELECT * FROM b...', Array)
#5 D:\assignment-sa-codeigniter\ci_project\system\CodeIgniter.php(933): App\Controllers\Home->index()
#6 D:\assignment-sa-codeigniter\ci_project\system\CodeIgniter.php(507): CodeIgniter\CodeIgniter->runController(Object(App\Controllers\Home))
#7 D:\assignment-sa-codeigniter\ci_project\system\CodeIgniter.php(354): CodeIgniter\CodeIgniter->handleRequest(NULL, Object(Config\Cache), false)
#8 D:\assignment-sa-codeigniter\ci_project\system\Boot.php(334): CodeIgniter\CodeIgniter->run()
#9 D:\assignment-sa-codeigniter\ci_project\system\Boot.php(67): CodeIgniter\Boot::runCodeIgniter(Object(CodeIgniter\CodeIgniter))
#10 D:\assignment-sa-codeigniter\ci_project\public\index.php(56): CodeIgniter\Boot::bootWeb(Object(Config\Paths))
#11 D:\assignment-sa-codeigniter\ci_project\system\rewrite.php(44): require_once('D:\\assignment-s...')
#12 {main}
ERROR - 2025-02-25 03:11:13 --> ErrorException: pg_query(): Query failed: ERROR:  syntax error at or near &quot;,&quot;
LINE 1: INSERT INTO locations, (locationname) VALUES ('Surabaya')
                             ^ in D:\assignment-sa-codeigniter\ci_project\system\Database\Postgre\Connection.php:206
Stack trace:
#0 [internal function]: CodeIgniter\Debug\Exceptions->errorHandler(2, 'pg_query(): Que...', 'D:\\assignment-s...', 206)
#1 D:\assignment-sa-codeigniter\ci_project\system\Database\Postgre\Connection.php(206): pg_query(Object(PgSql\Connection), 'INSERT INTO loc...')
#2 D:\assignment-sa-codeigniter\ci_project\system\Database\BaseConnection.php(738): CodeIgniter\Database\Postgre\Connection->execute('INSERT INTO loc...')
#3 D:\assignment-sa-codeigniter\ci_project\system\Database\BaseConnection.php(652): CodeIgniter\Database\BaseConnection->simpleQuery('INSERT INTO loc...')
#4 D:\assignment-sa-codeigniter\ci_project\app\Controllers\Home.php(36): CodeIgniter\Database\BaseConnection->query('INSERT INTO loc...', Array)
#5 D:\assignment-sa-codeigniter\ci_project\system\CodeIgniter.php(933): App\Controllers\Home->index()
#6 D:\assignment-sa-codeigniter\ci_project\system\CodeIgniter.php(507): CodeIgniter\CodeIgniter->runController(Object(App\Controllers\Home))
#7 D:\assignment-sa-codeigniter\ci_project\system\CodeIgniter.php(354): CodeIgniter\CodeIgniter->handleRequest(NULL, Object(Config\Cache), false)
#8 D:\assignment-sa-codeigniter\ci_project\system\Boot.php(334): CodeIgniter\CodeIgniter->run()
#9 D:\assignment-sa-codeigniter\ci_project\system\Boot.php(67): CodeIgniter\Boot::runCodeIgniter(Object(CodeIgniter\CodeIgniter))
#10 D:\assignment-sa-codeigniter\ci_project\public\index.php(56): CodeIgniter\Boot::bootWeb(Object(Config\Paths))
#11 D:\assignment-sa-codeigniter\ci_project\system\rewrite.php(44): require_once('D:\\assignment-s...')
#12 {main}
ERROR - 2025-02-25 03:11:32 --> ErrorException: pg_query(): Query failed: ERROR:  duplicate key value violates unique constraint &quot;PK_locations&quot;
DETAIL:  Key (locationid)=(1) already exists. in D:\assignment-sa-codeigniter\ci_project\system\Database\Postgre\Connection.php:206
Stack trace:
#0 [internal function]: CodeIgniter\Debug\Exceptions->errorHandler(2, 'pg_query(): Que...', 'D:\\assignment-s...', 206)
#1 D:\assignment-sa-codeigniter\ci_project\system\Database\Postgre\Connection.php(206): pg_query(Object(PgSql\Connection), 'INSERT INTO loc...')
#2 D:\assignment-sa-codeigniter\ci_project\system\Database\BaseConnection.php(738): CodeIgniter\Database\Postgre\Connection->execute('INSERT INTO loc...')
#3 D:\assignment-sa-codeigniter\ci_project\system\Database\BaseConnection.php(652): CodeIgniter\Database\BaseConnection->simpleQuery('INSERT INTO loc...')
#4 D:\assignment-sa-codeigniter\ci_project\app\Controllers\Home.php(36): CodeIgniter\Database\BaseConnection->query('INSERT INTO loc...', Array)
#5 D:\assignment-sa-codeigniter\ci_project\system\CodeIgniter.php(933): App\Controllers\Home->index()
#6 D:\assignment-sa-codeigniter\ci_project\system\CodeIgniter.php(507): CodeIgniter\CodeIgniter->runController(Object(App\Controllers\Home))
#7 D:\assignment-sa-codeigniter\ci_project\system\CodeIgniter.php(354): CodeIgniter\CodeIgniter->handleRequest(NULL, Object(Config\Cache), false)
#8 D:\assignment-sa-codeigniter\ci_project\system\Boot.php(334): CodeIgniter\CodeIgniter->run()
#9 D:\assignment-sa-codeigniter\ci_project\system\Boot.php(67): CodeIgniter\Boot::runCodeIgniter(Object(CodeIgniter\CodeIgniter))
#10 D:\assignment-sa-codeigniter\ci_project\public\index.php(56): CodeIgniter\Boot::bootWeb(Object(Config\Paths))
#11 D:\assignment-sa-codeigniter\ci_project\system\rewrite.php(44): require_once('D:\\assignment-s...')
#12 {main}
ERROR - 2025-02-25 03:17:24 --> ErrorException: pg_query(): Query failed: ERROR:  column &quot;id&quot; does not exist
LINE 1: SELECT * FROM books WHERE id = 30
                                  ^ in D:\assignment-sa-codeigniter\ci_project\system\Database\Postgre\Connection.php:206
Stack trace:
#0 [internal function]: CodeIgniter\Debug\Exceptions->errorHandler(2, 'pg_query(): Que...', 'D:\\assignment-s...', 206)
#1 D:\assignment-sa-codeigniter\ci_project\system\Database\Postgre\Connection.php(206): pg_query(Object(PgSql\Connection), 'SELECT * FROM b...')
#2 D:\assignment-sa-codeigniter\ci_project\system\Database\BaseConnection.php(738): CodeIgniter\Database\Postgre\Connection->execute('SELECT * FROM b...')
#3 D:\assignment-sa-codeigniter\ci_project\system\Database\BaseConnection.php(652): CodeIgniter\Database\BaseConnection->simpleQuery('SELECT * FROM b...')
#4 D:\assignment-sa-codeigniter\ci_project\app\Controllers\Home.php(45): CodeIgniter\Database\BaseConnection->query('SELECT * FROM b...', Array)
#5 D:\assignment-sa-codeigniter\ci_project\system\CodeIgniter.php(933): App\Controllers\Home->index()
#6 D:\assignment-sa-codeigniter\ci_project\system\CodeIgniter.php(507): CodeIgniter\CodeIgniter->runController(Object(App\Controllers\Home))
#7 D:\assignment-sa-codeigniter\ci_project\system\CodeIgniter.php(354): CodeIgniter\CodeIgniter->handleRequest(NULL, Object(Config\Cache), false)
#8 D:\assignment-sa-codeigniter\ci_project\system\Boot.php(334): CodeIgniter\CodeIgniter->run()
#9 D:\assignment-sa-codeigniter\ci_project\system\Boot.php(67): CodeIgniter\Boot::runCodeIgniter(Object(CodeIgniter\CodeIgniter))
#10 D:\assignment-sa-codeigniter\ci_project\public\index.php(56): CodeIgniter\Boot::bootWeb(Object(Config\Paths))
#11 D:\assignment-sa-codeigniter\ci_project\system\rewrite.php(44): require_once('D:\\assignment-s...')
#12 {main}
ERROR - 2025-02-25 04:37:00 --> ErrorException: pg_query(): Query failed: ERROR:  precision for type float must be less than 54 bits
LINE 4:  "grade_value" FLOAT(255) NOT NULL,
                             ^ in D:\assignment-sa-codeigniter\ci_project\system\Database\Postgre\Connection.php:206
Stack trace:
#0 [internal function]: CodeIgniter\Debug\Exceptions->errorHandler(2, 'pg_query(): Que...', 'D:\\assignment-s...', 206)
#1 D:\assignment-sa-codeigniter\ci_project\system\Database\Postgre\Connection.php(206): pg_query(Object(PgSql\Connection), 'CREATE TABLE "s...')
#2 D:\assignment-sa-codeigniter\ci_project\system\Database\BaseConnection.php(738): CodeIgniter\Database\Postgre\Connection->execute('CREATE TABLE "s...')
#3 D:\assignment-sa-codeigniter\ci_project\system\Database\BaseConnection.php(652): CodeIgniter\Database\BaseConnection->simpleQuery('CREATE TABLE "s...')
#4 D:\assignment-sa-codeigniter\ci_project\system\Database\Forge.php(570): CodeIgniter\Database\BaseConnection->query('CREATE TABLE "s...')
#5 D:\assignment-sa-codeigniter\ci_project\app\Database\Migrations\2025-02-25-042529_CreateStudentGradesTable.php(44): CodeIgniter\Database\Forge->createTable('student_grades')
#6 D:\assignment-sa-codeigniter\ci_project\system\Database\MigrationRunner.php(866): App\Database\Migrations\CreateStudentGradesTable->up()
#7 D:\assignment-sa-codeigniter\ci_project\system\Database\MigrationRunner.php(182): CodeIgniter\Database\MigrationRunner->migrate('up', Object(stdClass))
#8 D:\assignment-sa-codeigniter\ci_project\system\Commands\Database\Migrate.php(85): CodeIgniter\Database\MigrationRunner->latest(NULL)
#9 D:\assignment-sa-codeigniter\ci_project\system\CLI\Commands.php(70): CodeIgniter\Commands\Database\Migrate->run(Array)
#10 D:\assignment-sa-codeigniter\ci_project\system\CLI\BaseCommand.php(119): CodeIgniter\CLI\Commands->run('migrate', Array)
#11 D:\assignment-sa-codeigniter\ci_project\system\Commands\Database\MigrateRefresh.php(87): CodeIgniter\CLI\BaseCommand->call('migrate', Array)
#12 D:\assignment-sa-codeigniter\ci_project\system\CLI\Commands.php(70): CodeIgniter\Commands\Database\MigrateRefresh->run(Array)
#13 D:\assignment-sa-codeigniter\ci_project\system\CLI\Console.php(48): CodeIgniter\CLI\Commands->run('migrate:refresh', Array)
#14 D:\assignment-sa-codeigniter\ci_project\system\Boot.php(360): CodeIgniter\CLI\Console->run()
#15 D:\assignment-sa-codeigniter\ci_project\system\Boot.php(104): CodeIgniter\Boot::runCommand(Object(CodeIgniter\CLI\Console))
#16 D:\assignment-sa-codeigniter\ci_project\spark(84): CodeIgniter\Boot::bootSpark(Object(Config\Paths))
#17 {main}
ERROR - 2025-02-25 04:37:15 --> ErrorException: pg_query(): Query failed: ERROR:  precision for type float must be less than 54 bits
LINE 4:  "grade_value" FLOAT(255) NOT NULL,
                             ^ in D:\assignment-sa-codeigniter\ci_project\system\Database\Postgre\Connection.php:206
Stack trace:
#0 [internal function]: CodeIgniter\Debug\Exceptions->errorHandler(2, 'pg_query(): Que...', 'D:\\assignment-s...', 206)
#1 D:\assignment-sa-codeigniter\ci_project\system\Database\Postgre\Connection.php(206): pg_query(Object(PgSql\Connection), 'CREATE TABLE "s...')
#2 D:\assignment-sa-codeigniter\ci_project\system\Database\BaseConnection.php(738): CodeIgniter\Database\Postgre\Connection->execute('CREATE TABLE "s...')
#3 D:\assignment-sa-codeigniter\ci_project\system\Database\BaseConnection.php(652): CodeIgniter\Database\BaseConnection->simpleQuery('CREATE TABLE "s...')
#4 D:\assignment-sa-codeigniter\ci_project\system\Database\Forge.php(570): CodeIgniter\Database\BaseConnection->query('CREATE TABLE "s...')
#5 D:\assignment-sa-codeigniter\ci_project\app\Database\Migrations\2025-02-25-042529_CreateStudentGradesTable.php(44): CodeIgniter\Database\Forge->createTable('student_grades')
#6 D:\assignment-sa-codeigniter\ci_project\system\Database\MigrationRunner.php(866): App\Database\Migrations\CreateStudentGradesTable->up()
#7 D:\assignment-sa-codeigniter\ci_project\system\Database\MigrationRunner.php(182): CodeIgniter\Database\MigrationRunner->migrate('up', Object(stdClass))
#8 D:\assignment-sa-codeigniter\ci_project\system\Commands\Database\Migrate.php(85): CodeIgniter\Database\MigrationRunner->latest(NULL)
#9 D:\assignment-sa-codeigniter\ci_project\system\CLI\Commands.php(70): CodeIgniter\Commands\Database\Migrate->run(Array)
#10 D:\assignment-sa-codeigniter\ci_project\system\CLI\BaseCommand.php(119): CodeIgniter\CLI\Commands->run('migrate', Array)
#11 D:\assignment-sa-codeigniter\ci_project\system\Commands\Database\MigrateRefresh.php(87): CodeIgniter\CLI\BaseCommand->call('migrate', Array)
#12 D:\assignment-sa-codeigniter\ci_project\system\CLI\Commands.php(70): CodeIgniter\Commands\Database\MigrateRefresh->run(Array)
#13 D:\assignment-sa-codeigniter\ci_project\system\CLI\Console.php(48): CodeIgniter\CLI\Commands->run('migrate:refresh', Array)
#14 D:\assignment-sa-codeigniter\ci_project\system\Boot.php(360): CodeIgniter\CLI\Console->run()
#15 D:\assignment-sa-codeigniter\ci_project\system\Boot.php(104): CodeIgniter\Boot::runCommand(Object(CodeIgniter\CLI\Console))
#16 D:\assignment-sa-codeigniter\ci_project\spark(84): CodeIgniter\Boot::bootSpark(Object(Config\Paths))
#17 {main}
ERROR - 2025-02-25 04:42:05 --> ErrorException: pg_query(): Query failed: ERROR:  relation "students" already exists in D:\assignment-sa-codeigniter\ci_project\system\Database\Postgre\Connection.php:206
Stack trace:
#0 [internal function]: CodeIgniter\Debug\Exceptions->errorHandler(2, 'pg_query(): Que...', 'D:\\assignment-s...', 206)
#1 D:\assignment-sa-codeigniter\ci_project\system\Database\Postgre\Connection.php(206): pg_query(Object(PgSql\Connection), 'CREATE TABLE "s...')
#2 D:\assignment-sa-codeigniter\ci_project\system\Database\BaseConnection.php(738): CodeIgniter\Database\Postgre\Connection->execute('CREATE TABLE "s...')
#3 D:\assignment-sa-codeigniter\ci_project\system\Database\BaseConnection.php(652): CodeIgniter\Database\BaseConnection->simpleQuery('CREATE TABLE "s...')
#4 D:\assignment-sa-codeigniter\ci_project\system\Database\Forge.php(570): CodeIgniter\Database\BaseConnection->query('CREATE TABLE "s...')
#5 D:\assignment-sa-codeigniter\ci_project\app\Database\Migrations\2025-02-25-041323_CreateStudentsTable.php(62): CodeIgniter\Database\Forge->createTable('students')
#6 D:\assignment-sa-codeigniter\ci_project\system\Database\MigrationRunner.php(866): App\Database\Migrations\CreateStudentsTable->up()
#7 D:\assignment-sa-codeigniter\ci_project\system\Database\MigrationRunner.php(182): CodeIgniter\Database\MigrationRunner->migrate('up', Object(stdClass))
#8 D:\assignment-sa-codeigniter\ci_project\system\Commands\Database\Migrate.php(85): CodeIgniter\Database\MigrationRunner->latest(NULL)
#9 D:\assignment-sa-codeigniter\ci_project\system\CLI\Commands.php(70): CodeIgniter\Commands\Database\Migrate->run(Array)
#10 D:\assignment-sa-codeigniter\ci_project\system\CLI\BaseCommand.php(119): CodeIgniter\CLI\Commands->run('migrate', Array)
#11 D:\assignment-sa-codeigniter\ci_project\system\Commands\Database\MigrateRefresh.php(87): CodeIgniter\CLI\BaseCommand->call('migrate', Array)
#12 D:\assignment-sa-codeigniter\ci_project\system\CLI\Commands.php(70): CodeIgniter\Commands\Database\MigrateRefresh->run(Array)
#13 D:\assignment-sa-codeigniter\ci_project\system\CLI\Console.php(48): CodeIgniter\CLI\Commands->run('migrate:refresh', Array)
#14 D:\assignment-sa-codeigniter\ci_project\system\Boot.php(360): CodeIgniter\CLI\Console->run()
#15 D:\assignment-sa-codeigniter\ci_project\system\Boot.php(104): CodeIgniter\Boot::runCommand(Object(CodeIgniter\CLI\Console))
#16 D:\assignment-sa-codeigniter\ci_project\spark(84): CodeIgniter\Boot::bootSpark(Object(Config\Paths))
#17 {main}
ERROR - 2025-02-25 06:31:02 --> ErrorException: pg_query(): Query failed: ERROR:  relation &quot;students&quot; does not exist
LINE 2: FROM &quot;students&quot;
             ^ in D:\assignment-sa-codeigniter\ci_project\system\Database\Postgre\Connection.php:206
Stack trace:
#0 [internal function]: CodeIgniter\Debug\Exceptions->errorHandler(2, 'pg_query(): Que...', 'D:\\assignment-s...', 206)
#1 D:\assignment-sa-codeigniter\ci_project\system\Database\Postgre\Connection.php(206): pg_query(Object(PgSql\Connection), 'SELECT *\nFROM "...')
#2 D:\assignment-sa-codeigniter\ci_project\system\Database\BaseConnection.php(738): CodeIgniter\Database\Postgre\Connection->execute('SELECT *\nFROM "...')
#3 D:\assignment-sa-codeigniter\ci_project\system\Database\BaseConnection.php(652): CodeIgniter\Database\BaseConnection->simpleQuery('SELECT *\nFROM "...')
#4 D:\assignment-sa-codeigniter\ci_project\system\Database\BaseBuilder.php(1649): CodeIgniter\Database\BaseConnection->query('SELECT *\nFROM "...', Array, false)
#5 D:\assignment-sa-codeigniter\ci_project\system\Model.php(286): CodeIgniter\Database\BaseBuilder->get()
#6 D:\assignment-sa-codeigniter\ci_project\system\BaseModel.php(675): CodeIgniter\Model->doFindAll(0, 0)
#7 D:\assignment-sa-codeigniter\ci_project\app\Controllers\Home.php(31): CodeIgniter\BaseModel->findAll()
#8 D:\assignment-sa-codeigniter\ci_project\system\CodeIgniter.php(933): App\Controllers\Home->index()
#9 D:\assignment-sa-codeigniter\ci_project\system\CodeIgniter.php(507): CodeIgniter\CodeIgniter->runController(Object(App\Controllers\Home))
#10 D:\assignment-sa-codeigniter\ci_project\system\CodeIgniter.php(354): CodeIgniter\CodeIgniter->handleRequest(NULL, Object(Config\Cache), false)
#11 D:\assignment-sa-codeigniter\ci_project\system\Boot.php(334): CodeIgniter\CodeIgniter->run()
#12 D:\assignment-sa-codeigniter\ci_project\system\Boot.php(67): CodeIgniter\Boot::runCodeIgniter(Object(CodeIgniter\CodeIgniter))
#13 D:\assignment-sa-codeigniter\ci_project\public\index.php(56): CodeIgniter\Boot::bootWeb(Object(Config\Paths))
#14 D:\assignment-sa-codeigniter\ci_project\system\rewrite.php(44): require_once('D:\\assignment-s...')
#15 {main}
ERROR - 2025-02-25 06:31:33 --> ErrorException: pg_query(): Query failed: ERROR:  null value in column "name" of relation "students" violates not-null constraint
DETAIL:  Failing row contains (1, 2301893013, null, Computer Science, 1, ACTIVE, 2025, 0). in D:\assignment-sa-codeigniter\ci_project\system\Database\Postgre\Connection.php:206
Stack trace:
#0 [internal function]: CodeIgniter\Debug\Exceptions->errorHandler(2, 'pg_query(): Que...', 'D:\\assignment-s...', 206)
#1 D:\assignment-sa-codeigniter\ci_project\system\Database\Postgre\Connection.php(206): pg_query(Object(PgSql\Connection), 'INSERT INTO "st...')
#2 D:\assignment-sa-codeigniter\ci_project\system\Database\BaseConnection.php(738): CodeIgniter\Database\Postgre\Connection->execute('INSERT INTO "st...')
#3 D:\assignment-sa-codeigniter\ci_project\system\Database\BaseConnection.php(652): CodeIgniter\Database\BaseConnection->simpleQuery('INSERT INTO "st...')
#4 D:\assignment-sa-codeigniter\ci_project\system\Database\BaseBuilder.php(1841): CodeIgniter\Database\BaseConnection->query('INSERT INTO "st...', NULL, false)
#5 D:\assignment-sa-codeigniter\ci_project\system\Database\BaseBuilder.php(2230): CodeIgniter\Database\BaseBuilder->batchExecute('_insertBatch', 100)
#6 D:\assignment-sa-codeigniter\ci_project\app\Database\Seeds\StudentsSeeder.php(22): CodeIgniter\Database\BaseBuilder->insertBatch(Array)
#7 D:\assignment-sa-codeigniter\ci_project\system\Database\Seeder.php(147): App\Database\Seeds\StudentsSeeder->run()
#8 D:\assignment-sa-codeigniter\ci_project\system\Commands\Database\Seed.php(79): CodeIgniter\Database\Seeder->call('App\\Database\\Se...')
#9 D:\assignment-sa-codeigniter\ci_project\system\CLI\Commands.php(70): CodeIgniter\Commands\Database\Seed->run(Array)
#10 D:\assignment-sa-codeigniter\ci_project\system\CLI\Console.php(48): CodeIgniter\CLI\Commands->run('db:seed', Array)
#11 D:\assignment-sa-codeigniter\ci_project\system\Boot.php(360): CodeIgniter\CLI\Console->run()
#12 D:\assignment-sa-codeigniter\ci_project\system\Boot.php(104): CodeIgniter\Boot::runCommand(Object(CodeIgniter\CLI\Console))
#13 D:\assignment-sa-codeigniter\ci_project\spark(84): CodeIgniter\Boot::bootSpark(Object(Config\Paths))
#14 {main}
CRITICAL - 2025-02-25 06:33:08 --> Error: Cannot use object of type App\Entities\Student as array
[Method: GET, Route: /]
in APPPATH\Controllers\Home.php on line 44.
 1 SYSTEMPATH\CodeIgniter.php(933): App\Controllers\Home->index()
 2 SYSTEMPATH\CodeIgniter.php(507): CodeIgniter\CodeIgniter->runController(Object(App\Controllers\Home))
 3 SYSTEMPATH\CodeIgniter.php(354): CodeIgniter\CodeIgniter->handleRequest(null, Object(Config\Cache), false)
 4 SYSTEMPATH\Boot.php(334): CodeIgniter\CodeIgniter->run()
 5 SYSTEMPATH\Boot.php(67): CodeIgniter\Boot::runCodeIgniter(Object(CodeIgniter\CodeIgniter))
 6 FCPATH\index.php(56): CodeIgniter\Boot::bootWeb(Object(Config\Paths))
 7 SYSTEMPATH\rewrite.php(44): require_once('D:\\assignment-sa-codeigniter\\ci_project\\public\\index.php')
CRITICAL - 2025-02-25 06:48:35 --> ArgumentCountError: Too few arguments to function App\Entities\Student::__construct(), 0 passed and exactly 1 expected
[Method: GET, Route: /]
in APPPATH\Entities\Student.php on line 19.
 1 [internal function]: App\Entities\Student->__construct()
 2 SYSTEMPATH\Database\Postgre\Result.php(122): pg_fetch_object(Object(PgSql\Result), null, 'App\\Entities\\Student')
 3 SYSTEMPATH\Database\BaseResult.php(161): CodeIgniter\Database\Postgre\Result->fetchObject('App\\Entities\\Student')
 4 SYSTEMPATH\Database\BaseResult.php(116): CodeIgniter\Database\BaseResult->getCustomResultObject('App\\Entities\\Student')
 5 SYSTEMPATH\Model.php(287): CodeIgniter\Database\BaseResult->getResult('App\\Entities\\Student')
 6 SYSTEMPATH\BaseModel.php(675): CodeIgniter\Model->doFindAll(0, 0)
 7 APPPATH\Controllers\Home.php(32): CodeIgniter\BaseModel->findAll()
 8 SYSTEMPATH\CodeIgniter.php(933): App\Controllers\Home->index()
 9 SYSTEMPATH\CodeIgniter.php(507): CodeIgniter\CodeIgniter->runController(Object(App\Controllers\Home))
10 SYSTEMPATH\CodeIgniter.php(354): CodeIgniter\CodeIgniter->handleRequest(null, Object(Config\Cache), false)
11 SYSTEMPATH\Boot.php(334): CodeIgniter\CodeIgniter->run()
12 SYSTEMPATH\Boot.php(67): CodeIgniter\Boot::runCodeIgniter(Object(CodeIgniter\CodeIgniter))
13 FCPATH\index.php(56): CodeIgniter\Boot::bootWeb(Object(Config\Paths))
14 SYSTEMPATH\rewrite.php(44): require_once('D:\\assignment-sa-codeigniter\\ci_project\\public\\index.php')
CRITICAL - 2025-02-25 06:49:04 --> ArgumentCountError: Too few arguments to function App\Entities\Student::__construct(), 0 passed and exactly 1 expected
[Method: GET, Route: /]
in APPPATH\Entities\Student.php on line 19.
 1 [internal function]: App\Entities\Student->__construct()
 2 SYSTEMPATH\Database\Postgre\Result.php(122): pg_fetch_object(Object(PgSql\Result), null, 'App\\Entities\\Student')
 3 SYSTEMPATH\Database\BaseResult.php(161): CodeIgniter\Database\Postgre\Result->fetchObject('App\\Entities\\Student')
 4 SYSTEMPATH\Database\BaseResult.php(116): CodeIgniter\Database\BaseResult->getCustomResultObject('App\\Entities\\Student')
 5 SYSTEMPATH\Model.php(287): CodeIgniter\Database\BaseResult->getResult('App\\Entities\\Student')
 6 SYSTEMPATH\BaseModel.php(675): CodeIgniter\Model->doFindAll(0, 0)
 7 APPPATH\Controllers\Home.php(32): CodeIgniter\BaseModel->findAll()
 8 SYSTEMPATH\CodeIgniter.php(933): App\Controllers\Home->index()
 9 SYSTEMPATH\CodeIgniter.php(507): CodeIgniter\CodeIgniter->runController(Object(App\Controllers\Home))
10 SYSTEMPATH\CodeIgniter.php(354): CodeIgniter\CodeIgniter->handleRequest(null, Object(Config\Cache), false)
11 SYSTEMPATH\Boot.php(334): CodeIgniter\CodeIgniter->run()
12 SYSTEMPATH\Boot.php(67): CodeIgniter\Boot::runCodeIgniter(Object(CodeIgniter\CodeIgniter))
13 FCPATH\index.php(56): CodeIgniter\Boot::bootWeb(Object(Config\Paths))
14 SYSTEMPATH\rewrite.php(44): require_once('D:\\assignment-sa-codeigniter\\ci_project\\public\\index.php')
CRITICAL - 2025-02-25 06:49:50 --> ArgumentCountError: Too few arguments to function App\Entities\Student::__construct(), 0 passed and exactly 1 expected
[Method: GET, Route: /]
in APPPATH\Entities\Student.php on line 19.
 1 [internal function]: App\Entities\Student->__construct()
 2 SYSTEMPATH\Database\Postgre\Result.php(122): pg_fetch_object(Object(PgSql\Result), null, 'App\\Entities\\Student')
 3 SYSTEMPATH\Database\BaseResult.php(161): CodeIgniter\Database\Postgre\Result->fetchObject('App\\Entities\\Student')
 4 SYSTEMPATH\Database\BaseResult.php(116): CodeIgniter\Database\BaseResult->getCustomResultObject('App\\Entities\\Student')
 5 SYSTEMPATH\Model.php(287): CodeIgniter\Database\BaseResult->getResult('App\\Entities\\Student')
 6 SYSTEMPATH\BaseModel.php(675): CodeIgniter\Model->doFindAll(0, 0)
 7 APPPATH\Controllers\Home.php(32): CodeIgniter\BaseModel->findAll()
 8 SYSTEMPATH\CodeIgniter.php(933): App\Controllers\Home->index()
 9 SYSTEMPATH\CodeIgniter.php(507): CodeIgniter\CodeIgniter->runController(Object(App\Controllers\Home))
10 SYSTEMPATH\CodeIgniter.php(354): CodeIgniter\CodeIgniter->handleRequest(null, Object(Config\Cache), false)
11 SYSTEMPATH\Boot.php(334): CodeIgniter\CodeIgniter->run()
12 SYSTEMPATH\Boot.php(67): CodeIgniter\Boot::runCodeIgniter(Object(CodeIgniter\CodeIgniter))
13 FCPATH\index.php(56): CodeIgniter\Boot::bootWeb(Object(Config\Paths))
14 SYSTEMPATH\rewrite.php(44): require_once('D:\\assignment-sa-codeigniter\\ci_project\\public\\index.php')
CRITICAL - 2025-02-25 06:50:04 --> ArgumentCountError: Too few arguments to function App\Entities\Student::__construct(), 0 passed and exactly 1 expected
[Method: GET, Route: /]
in APPPATH\Entities\Student.php on line 19.
 1 [internal function]: App\Entities\Student->__construct()
 2 SYSTEMPATH\Database\Postgre\Result.php(122): pg_fetch_object(Object(PgSql\Result), null, 'App\\Entities\\Student')
 3 SYSTEMPATH\Database\BaseResult.php(161): CodeIgniter\Database\Postgre\Result->fetchObject('App\\Entities\\Student')
 4 SYSTEMPATH\Database\BaseResult.php(116): CodeIgniter\Database\BaseResult->getCustomResultObject('App\\Entities\\Student')
 5 SYSTEMPATH\Model.php(287): CodeIgniter\Database\BaseResult->getResult('App\\Entities\\Student')
 6 SYSTEMPATH\BaseModel.php(675): CodeIgniter\Model->doFindAll(0, 0)
 7 APPPATH\Controllers\Home.php(32): CodeIgniter\BaseModel->findAll()
 8 SYSTEMPATH\CodeIgniter.php(933): App\Controllers\Home->index()
 9 SYSTEMPATH\CodeIgniter.php(507): CodeIgniter\CodeIgniter->runController(Object(App\Controllers\Home))
10 SYSTEMPATH\CodeIgniter.php(354): CodeIgniter\CodeIgniter->handleRequest(null, Object(Config\Cache), false)
11 SYSTEMPATH\Boot.php(334): CodeIgniter\CodeIgniter->run()
12 SYSTEMPATH\Boot.php(67): CodeIgniter\Boot::runCodeIgniter(Object(CodeIgniter\CodeIgniter))
13 FCPATH\index.php(56): CodeIgniter\Boot::bootWeb(Object(Config\Paths))
14 SYSTEMPATH\rewrite.php(44): require_once('D:\\assignment-sa-codeigniter\\ci_project\\public\\index.php')
CRITICAL - 2025-02-25 06:50:07 --> ArgumentCountError: Too few arguments to function App\Entities\Student::__construct(), 0 passed and exactly 1 expected
[Method: GET, Route: /]
in APPPATH\Entities\Student.php on line 19.
 1 [internal function]: App\Entities\Student->__construct()
 2 SYSTEMPATH\Database\Postgre\Result.php(122): pg_fetch_object(Object(PgSql\Result), null, 'App\\Entities\\Student')
 3 SYSTEMPATH\Database\BaseResult.php(161): CodeIgniter\Database\Postgre\Result->fetchObject('App\\Entities\\Student')
 4 SYSTEMPATH\Database\BaseResult.php(116): CodeIgniter\Database\BaseResult->getCustomResultObject('App\\Entities\\Student')
 5 SYSTEMPATH\Model.php(287): CodeIgniter\Database\BaseResult->getResult('App\\Entities\\Student')
 6 SYSTEMPATH\BaseModel.php(675): CodeIgniter\Model->doFindAll(0, 0)
 7 APPPATH\Controllers\Home.php(32): CodeIgniter\BaseModel->findAll()
 8 SYSTEMPATH\CodeIgniter.php(933): App\Controllers\Home->index()
 9 SYSTEMPATH\CodeIgniter.php(507): CodeIgniter\CodeIgniter->runController(Object(App\Controllers\Home))
10 SYSTEMPATH\CodeIgniter.php(354): CodeIgniter\CodeIgniter->handleRequest(null, Object(Config\Cache), false)
11 SYSTEMPATH\Boot.php(334): CodeIgniter\CodeIgniter->run()
12 SYSTEMPATH\Boot.php(67): CodeIgniter\Boot::runCodeIgniter(Object(CodeIgniter\CodeIgniter))
13 FCPATH\index.php(56): CodeIgniter\Boot::bootWeb(Object(Config\Paths))
14 SYSTEMPATH\rewrite.php(44): require_once('D:\\assignment-sa-codeigniter\\ci_project\\public\\index.php')
CRITICAL - 2025-02-25 06:52:14 --> ArgumentCountError: Too few arguments to function App\Entities\Student::__construct(), 0 passed and exactly 1 expected
[Method: GET, Route: /]
in APPPATH\Entities\Student.php on line 19.
 1 [internal function]: App\Entities\Student->__construct()
 2 SYSTEMPATH\Database\Postgre\Result.php(122): pg_fetch_object(Object(PgSql\Result), null, 'App\\Entities\\Student')
 3 SYSTEMPATH\Database\BaseResult.php(161): CodeIgniter\Database\Postgre\Result->fetchObject('App\\Entities\\Student')
 4 SYSTEMPATH\Database\BaseResult.php(116): CodeIgniter\Database\BaseResult->getCustomResultObject('App\\Entities\\Student')
 5 SYSTEMPATH\Model.php(287): CodeIgniter\Database\BaseResult->getResult('App\\Entities\\Student')
 6 SYSTEMPATH\BaseModel.php(675): CodeIgniter\Model->doFindAll(0, 0)
 7 APPPATH\Controllers\Home.php(32): CodeIgniter\BaseModel->findAll()
 8 SYSTEMPATH\CodeIgniter.php(933): App\Controllers\Home->index()
 9 SYSTEMPATH\CodeIgniter.php(507): CodeIgniter\CodeIgniter->runController(Object(App\Controllers\Home))
10 SYSTEMPATH\CodeIgniter.php(354): CodeIgniter\CodeIgniter->handleRequest(null, Object(Config\Cache), false)
11 SYSTEMPATH\Boot.php(334): CodeIgniter\CodeIgniter->run()
12 SYSTEMPATH\Boot.php(67): CodeIgniter\Boot::runCodeIgniter(Object(CodeIgniter\CodeIgniter))
13 FCPATH\index.php(56): CodeIgniter\Boot::bootWeb(Object(Config\Paths))
14 SYSTEMPATH\rewrite.php(44): require_once('D:\\assignment-sa-codeigniter\\ci_project\\public\\index.php')
CRITICAL - 2025-02-25 06:52:31 --> ArgumentCountError: Too few arguments to function App\Entities\Student::__construct(), 0 passed and exactly 1 expected
[Method: GET, Route: /]
in APPPATH\Entities\Student.php on line 19.
 1 [internal function]: App\Entities\Student->__construct()
 2 SYSTEMPATH\Database\Postgre\Result.php(122): pg_fetch_object(Object(PgSql\Result), null, 'App\\Entities\\Student')
 3 SYSTEMPATH\Database\BaseResult.php(161): CodeIgniter\Database\Postgre\Result->fetchObject('App\\Entities\\Student')
 4 SYSTEMPATH\Database\BaseResult.php(116): CodeIgniter\Database\BaseResult->getCustomResultObject('App\\Entities\\Student')
 5 SYSTEMPATH\Model.php(287): CodeIgniter\Database\BaseResult->getResult('App\\Entities\\Student')
 6 SYSTEMPATH\BaseModel.php(675): CodeIgniter\Model->doFindAll(0, 0)
 7 APPPATH\Controllers\Home.php(32): CodeIgniter\BaseModel->findAll()
 8 SYSTEMPATH\CodeIgniter.php(933): App\Controllers\Home->index()
 9 SYSTEMPATH\CodeIgniter.php(507): CodeIgniter\CodeIgniter->runController(Object(App\Controllers\Home))
10 SYSTEMPATH\CodeIgniter.php(354): CodeIgniter\CodeIgniter->handleRequest(null, Object(Config\Cache), false)
11 SYSTEMPATH\Boot.php(334): CodeIgniter\CodeIgniter->run()
12 SYSTEMPATH\Boot.php(67): CodeIgniter\Boot::runCodeIgniter(Object(CodeIgniter\CodeIgniter))
13 FCPATH\index.php(56): CodeIgniter\Boot::bootWeb(Object(Config\Paths))
14 SYSTEMPATH\rewrite.php(44): require_once('D:\\assignment-sa-codeigniter\\ci_project\\public\\index.php')
